<?xml version="1.0" encoding="UTF-8"?>
<!-- Generated by org.testng.reporters.JUnitReportReporter -->
<testsuite hostname="DESKTOP-N7CJ6G5" failures="0" tests="4" name="runners.TestRunner" time="86.517" errors="0" timestamp="2025-03-19T22:12:38 IST" skipped="0">
  <testcase classname="runners.TestRunner" name="runScenario" time="20.318"/>
  <system-out/>
  <testcase classname="runners.TestRunner" name="runScenario" time="21.933"/>
  <system-out/>
  <testcase classname="runners.TestRunner" name="runScenario" time="21.416"/>
  <system-out/>
  <testcase classname="runners.TestRunner" name="runScenario" time="22.850"/>
  <system-out/>
</testsuite> <!-- runners.TestRunner -->
