<?xml version="1.0" encoding="UTF-8"?>
<!-- Generated by org.testng.reporters.JUnitReportReporter -->
<testsuite hostname="DESKTOP-N7CJ6G5" failures="0" tests="4" name="runners.TestRunner" time="71.814" errors="0" timestamp="2025-03-20T08:34:45 IST" skipped="0">
  <testcase classname="runners.TestRunner" name="runScenario" time="17.462"/>
  <system-out/>
  <testcase classname="runners.TestRunner" name="runScenario" time="18.083"/>
  <system-out/>
  <testcase classname="runners.TestRunner" name="runScenario" time="15.814"/>
  <system-out/>
  <testcase classname="runners.TestRunner" name="runScenario" time="20.455"/>
  <system-out/>
</testsuite> <!-- runners.TestRunner -->
